Using pre-set license
Built from '2021.3/staging' branch; Version is '2021.3.19f1 (c9714fde33b6) revision 13201743'; Using compiler version '192829333'; Build Type 'Release'
OS: 'Windows 11  (10.0.22621) 64bit CoreSingleLanguage' Language: 'es' Physical Memory: 14188 MB
BatchMode: 1, IsHumanControllingUs: 0, StartBugReporterOnCrash: 0, Is64bit: 1, IsPro: 1

COMMAND LINE ARGUMENTS:
C:\Program Files\Unity\Hub\Editor\2021.3.19f1\Editor\Unity.exe
-adb2
-batchMode
-noUpm
-name
AssetImportWorker1
-projectPath
F:/UNI/JuegoWINDANDWOOD/Wind-andWood/wind-And-wooD
-logFile
Logs/AssetImportWorker1.log
-srvPort
61352
Successfully changed project path to: F:/UNI/JuegoWINDANDWOOD/Wind-andWood/wind-And-wooD
F:/UNI/JuegoWINDANDWOOD/Wind-andWood/wind-And-wooD
[UnityMemory] Configuration Parameters - Can be set up in boot.config
    "memorysetup-bucket-allocator-granularity=16"
    "memorysetup-bucket-allocator-bucket-count=8"
    "memorysetup-bucket-allocator-block-size=33554432"
    "memorysetup-bucket-allocator-block-count=8"
    "memorysetup-main-allocator-block-size=16777216"
    "memorysetup-thread-allocator-block-size=16777216"
    "memorysetup-gfx-main-allocator-block-size=16777216"
    "memorysetup-gfx-thread-allocator-block-size=16777216"
    "memorysetup-cache-allocator-block-size=4194304"
    "memorysetup-typetree-allocator-block-size=2097152"
    "memorysetup-profiler-bucket-allocator-granularity=16"
    "memorysetup-profiler-bucket-allocator-bucket-count=8"
    "memorysetup-profiler-bucket-allocator-block-size=33554432"
    "memorysetup-profiler-bucket-allocator-block-count=8"
    "memorysetup-profiler-allocator-block-size=16777216"
    "memorysetup-profiler-editor-allocator-block-size=1048576"
    "memorysetup-temp-allocator-size-main=16777216"
    "memorysetup-job-temp-allocator-block-size=2097152"
    "memorysetup-job-temp-allocator-block-size-background=1048576"
    "memorysetup-job-temp-allocator-reduction-small-platforms=262144"
    "memorysetup-temp-allocator-size-background-worker=32768"
    "memorysetup-temp-allocator-size-job-worker=262144"
    "memorysetup-temp-allocator-size-preload-manager=33554432"
    "memorysetup-temp-allocator-size-nav-mesh-worker=65536"
    "memorysetup-temp-allocator-size-audio-worker=65536"
    "memorysetup-temp-allocator-size-cloud-worker=32768"
    "memorysetup-temp-allocator-size-gi-baking-worker=262144"
    "memorysetup-temp-allocator-size-gfx=262144"
Player connection [20448] Host "[IP] 192.168.56.1 [Port] 0 [Flags] 2 [Guid] 3282443988 [EditorId] 3282443988 [Version] 1048832 [Id] WindowsEditor(7,LAPTOP-61CQ9BCR) [Debug] 1 [PackageName] WindowsEditor [ProjectName] Editor" joined multi-casting on [225.0.0.222:54997]...

Player connection [20448] Host "[IP] 192.168.56.1 [Port] 0 [Flags] 2 [Guid] 3282443988 [EditorId] 3282443988 [Version] 1048832 [Id] WindowsEditor(7,LAPTOP-61CQ9BCR) [Debug] 1 [PackageName] WindowsEditor [ProjectName] Editor" joined alternative multi-casting on [225.0.0.222:34997]...

Refreshing native plugins compatible for Editor in 139.97 ms, found 4 plugins.
Preloading 0 native plugins for Editor in 0.00 ms.
Initialize engine version: 2021.3.19f1 (c9714fde33b6)
[Subsystems] Discovering subsystems at path C:/Program Files/Unity/Hub/Editor/2021.3.19f1/Editor/Data/Resources/UnitySubsystems
[Subsystems] Discovering subsystems at path F:/UNI/JuegoWINDANDWOOD/Wind-andWood/wind-And-wooD/Assets
GfxDevice: creating device client; threaded=0; jobified=0
Direct3D:
    Version:  Direct3D 11.0 [level 11.1]
    Renderer: NVIDIA GeForce RTX 3050 Laptop GPU (ID=0x25a2)
    Vendor:   NVIDIA
    VRAM:     3979 MB
    Driver:   31.0.15.2892
Initialize mono
Mono path[0] = 'C:/Program Files/Unity/Hub/Editor/2021.3.19f1/Editor/Data/Managed'
Mono path[1] = 'C:/Program Files/Unity/Hub/Editor/2021.3.19f1/Editor/Data/MonoBleedingEdge/lib/mono/unityjit-win32'
Mono config path = 'C:/Program Files/Unity/Hub/Editor/2021.3.19f1/Editor/Data/MonoBleedingEdge/etc'
Using monoOptions --debugger-agent=transport=dt_socket,embedding=1,server=y,suspend=n,address=127.0.0.1:56788
Begin MonoManager ReloadAssembly
Registering precompiled unity dll's ...
Register platform support module: C:/Program Files/Unity/Hub/Editor/2021.3.19f1/Editor/Data/PlaybackEngines/WindowsStandaloneSupport/UnityEditor.WindowsStandalone.Extensions.dll
Registered in 0.006126 seconds.
Native extension for WindowsStandalone target not found
Refreshing native plugins compatible for Editor in 143.71 ms, found 4 plugins.
Preloading 0 native plugins for Editor in 0.00 ms.
Mono: successfully reloaded assembly
- Completed reload, in  0.936 seconds
Domain Reload Profiling:
	ReloadAssembly (937ms)
		BeginReloadAssembly (100ms)
			ExecutionOrderSort (0ms)
			DisableScriptedObjects (0ms)
			BackupInstance (0ms)
			ReleaseScriptingObjects (0ms)
			CreateAndSetChildDomain (1ms)
		EndReloadAssembly (689ms)
			LoadAssemblies (97ms)
			RebuildTransferFunctionScriptingTraits (0ms)
			SetupTypeCache (163ms)
			ReleaseScriptCaches (0ms)
			RebuildScriptCaches (37ms)
			SetupLoadedEditorAssemblies (413ms)
				LogAssemblyErrors (0ms)
				InitializePlatformSupportModulesInManaged (10ms)
				SetLoadedEditorAssemblies (0ms)
				RefreshPlugins (144ms)
				BeforeProcessingInitializeOnLoad (2ms)
				ProcessInitializeOnLoadAttributes (190ms)
				ProcessInitializeOnLoadMethodAttributes (67ms)
				AfterProcessingInitializeOnLoad (0ms)
				EditorAssembliesLoaded (0ms)
			ExecutionOrderSort2 (0ms)
			AwakeInstancesAfterBackupRestoration (0ms)
Platform modules already initialized, skipping
Registering precompiled user dll's ...
Registered in 0.009049 seconds.
Begin MonoManager ReloadAssembly
Symbol file LoadedFromMemory doesn't match image F:\UNI\JuegoWINDANDWOOD\Wind-andWood\wind-And-wooD\Library\PackageCache\com.unity.visualscripting@1.8.0\Editor\VisualScripting.Core\Dependencies\YamlDotNet\Unity.VisualScripting.YamlDotNet.dll
Symbol file LoadedFromMemory doesn't match image F:\UNI\JuegoWINDANDWOOD\Wind-andWood\wind-And-wooD\Library\PackageCache\com.unity.visualscripting@1.8.0\Editor\VisualScripting.Core\Dependencies\DotNetZip\Unity.VisualScripting.IonicZip.dll
Native extension for WindowsStandalone target not found
Refreshing native plugins compatible for Editor in 138.29 ms, found 4 plugins.
Preloading 0 native plugins for Editor in 0.00 ms.
Mono: successfully reloaded assembly
- Completed reload, in  2.431 seconds
Domain Reload Profiling:
	ReloadAssembly (2433ms)
		BeginReloadAssembly (171ms)
			ExecutionOrderSort (0ms)
			DisableScriptedObjects (9ms)
			BackupInstance (0ms)
			ReleaseScriptingObjects (0ms)
			CreateAndSetChildDomain (29ms)
		EndReloadAssembly (2090ms)
			LoadAssemblies (133ms)
			RebuildTransferFunctionScriptingTraits (0ms)
			SetupTypeCache (335ms)
			ReleaseScriptCaches (1ms)
			RebuildScriptCaches (82ms)
			SetupLoadedEditorAssemblies (1469ms)
				LogAssemblyErrors (0ms)
				InitializePlatformSupportModulesInManaged (5ms)
				SetLoadedEditorAssemblies (0ms)
				RefreshPlugins (138ms)
				BeforeProcessingInitializeOnLoad (132ms)
				ProcessInitializeOnLoadAttributes (1126ms)
				ProcessInitializeOnLoadMethodAttributes (57ms)
				AfterProcessingInitializeOnLoad (9ms)
				EditorAssembliesLoaded (0ms)
			ExecutionOrderSort2 (0ms)
			AwakeInstancesAfterBackupRestoration (17ms)
Platform modules already initialized, skipping
========================================================================
Worker process is ready to serve import requests
Launched and connected shader compiler UnityShaderCompiler.exe after 0.09 seconds
Refreshing native plugins compatible for Editor in 1.66 ms, found 4 plugins.
Preloading 0 native plugins for Editor in 0.00 ms.
Unloading 3757 Unused Serialized files (Serialized files now loaded: 0)
Unloading 41 unused Assets / (229.4 KB). Loaded Objects now: 4210.
Memory consumption went from 143.2 MB to 142.9 MB.
Total: 7.032200 ms (FindLiveObjects: 0.597700 ms CreateObjectMapping: 0.195400 ms MarkObjects: 5.955600 ms  DeleteObjects: 0.281000 ms)

AssetImportParameters requested are different than current active one (requested -> active):
  custom:video-decoder-ogg-theora: a1e56fd34408186e4bbccfd4996cb3dc -> 
  custom:container-muxer-webm: aa71ff27fc2769a1b78a27578f13a17b -> 
  custom:container-demuxer-webm: 4f35f7cbe854078d1ac9338744f61a02 -> 
  custom:video-encoder-webm-vp8: eb34c28f22e8b96e1ab97ce403110664 -> 
  custom:video-codec-MediaFoundation-h265: 746d11721c4dcdbdad8f713fa42b33f4 -> 
  custom:audio-encoder-webm-vorbis: bf7c407c2cedff20999df2af8eb42d56 -> 
  custom:framework-win-MediaFoundation: 216162199b28c13a410421893ffa2e32 -> 
  custom:container-demuxer-ogg: 62fdf1f143b41e24485cea50d1cbac27 -> 
  custom:video-decoder-webm-vp8: 9c59270c3fd7afecdb556c50c9e8de78 -> 
  custom:audio-decoder-ogg-vorbis: bf7c407c2cedff20999df2af8eb42d56 -> 
========================================================================
Received Import Request.
  Time since last request: 274964.405769 seconds.
  path: Assets/RGP icons free start pack/items/gem_diamond_red.png
  artifactKey: Guid(1200fd4c89ff9654483fdc0805358f5e) Importer(815301076,1909f56bfc062723c751e8b465ee728b)
Start importing Assets/RGP icons free start pack/items/gem_diamond_red.png using Guid(1200fd4c89ff9654483fdc0805358f5e) Importer(815301076,1909f56bfc062723c751e8b465ee728b)  -> (artifact id: '35e3b87bb5fcae1795d6e9a07ac5231f') in 0.193439 seconds 
========================================================================
Received Import Request.
  Time since last request: 0.000043 seconds.
  path: Assets/RGP icons free start pack/items/gold_bars_three.png
  artifactKey: Guid(a0c46bd0ce09e0d479ad2962809f906f) Importer(815301076,1909f56bfc062723c751e8b465ee728b)
Start importing Assets/RGP icons free start pack/items/gold_bars_three.png using Guid(a0c46bd0ce09e0d479ad2962809f906f) Importer(815301076,1909f56bfc062723c751e8b465ee728b)  -> (artifact id: '6eebaac8edc9857a0bb167f1414ba309') in 0.048050 seconds 
========================================================================
Received Import Request.
  Time since last request: 0.000041 seconds.
  path: Assets/RGP icons free start pack/items/bottle_standard_blue.png
  artifactKey: Guid(10876d86c0d0c7948ab7c3f219be6325) Importer(815301076,1909f56bfc062723c751e8b465ee728b)
Start importing Assets/RGP icons free start pack/items/bottle_standard_blue.png using Guid(10876d86c0d0c7948ab7c3f219be6325) Importer(815301076,1909f56bfc062723c751e8b465ee728b)  -> (artifact id: '1ef9b8c9bc251535a48f1cbbe5246444') in 0.054066 seconds 
========================================================================
Received Import Request.
  Time since last request: 0.000084 seconds.
  path: Assets/RGP icons free start pack/items/mushroom_big_red.png
  artifactKey: Guid(6270d46c6c1104b448fb5bac5bede74d) Importer(815301076,1909f56bfc062723c751e8b465ee728b)
Start importing Assets/RGP icons free start pack/items/mushroom_big_red.png using Guid(6270d46c6c1104b448fb5bac5bede74d) Importer(815301076,1909f56bfc062723c751e8b465ee728b)  -> (artifact id: '5e84042057aec2b141829f9a30c1ae98') in 0.046289 seconds 
========================================================================
Received Import Request.
  Time since last request: 0.000023 seconds.
  path: Assets/Prefabs/Floor.prefab
  artifactKey: Guid(6bca673e66132f246b0932426bd3e1e0) Importer(815301076,1909f56bfc062723c751e8b465ee728b)
Start importing Assets/Prefabs/Floor.prefab using Guid(6bca673e66132f246b0932426bd3e1e0) Importer(815301076,1909f56bfc062723c751e8b465ee728b)  -> (artifact id: 'ff30ce2acbf51c257c129cb8bdf8879e') in 0.084587 seconds 
========================================================================
Received Import Request.
  Time since last request: 0.000026 seconds.
  path: Assets/RGP icons free start pack/items/bone_white.png
  artifactKey: Guid(b45939f11371c524684402713923fe54) Importer(815301076,1909f56bfc062723c751e8b465ee728b)
Start importing Assets/RGP icons free start pack/items/bone_white.png using Guid(b45939f11371c524684402713923fe54) Importer(815301076,1909f56bfc062723c751e8b465ee728b)  -> (artifact id: '55ddd85a3a7b7e52f14c220870f83d24') in 0.044700 seconds 
========================================================================
Received Import Request.
  Time since last request: 0.000033 seconds.
  path: Assets/RGP icons free start pack/items/bow_wood1.png
  artifactKey: Guid(8f908a0041a1aee4c8b02d9449ebd224) Importer(815301076,1909f56bfc062723c751e8b465ee728b)
Start importing Assets/RGP icons free start pack/items/bow_wood1.png using Guid(8f908a0041a1aee4c8b02d9449ebd224) Importer(815301076,1909f56bfc062723c751e8b465ee728b)  -> (artifact id: '472595bb3378d58c24ad4ef0d8665c42') in 0.049705 seconds 
========================================================================
Received Import Request.
  Time since last request: 0.000074 seconds.
  path: Assets/RGP icons free start pack/items/wood_log.png
  artifactKey: Guid(65c59ccc59b5690458cb9e5324edc5dc) Importer(815301076,1909f56bfc062723c751e8b465ee728b)
Start importing Assets/RGP icons free start pack/items/wood_log.png using Guid(65c59ccc59b5690458cb9e5324edc5dc) Importer(815301076,1909f56bfc062723c751e8b465ee728b)  -> (artifact id: '0dee31d485b408a0a74e0ba513c8fbdd') in 0.047174 seconds 
========================================================================
Received Import Request.
  Time since last request: 0.000051 seconds.
  path: Assets/RGP icons free start pack/items/silver_bars.png
  artifactKey: Guid(e78313c7d47aeb845aee79d5bc8d26c5) Importer(815301076,1909f56bfc062723c751e8b465ee728b)
Start importing Assets/RGP icons free start pack/items/silver_bars.png using Guid(e78313c7d47aeb845aee79d5bc8d26c5) Importer(815301076,1909f56bfc062723c751e8b465ee728b)  -> (artifact id: '0ddfdad01d045dac83347935bd27bdc5') in 0.052228 seconds 
========================================================================
Received Import Request.
  Time since last request: 0.000030 seconds.
  path: Assets/RGP icons free start pack/items/ring_gold_magic.png
  artifactKey: Guid(a7fa02c269abaed47bd3a49986381846) Importer(815301076,1909f56bfc062723c751e8b465ee728b)
Start importing Assets/RGP icons free start pack/items/ring_gold_magic.png using Guid(a7fa02c269abaed47bd3a49986381846) Importer(815301076,1909f56bfc062723c751e8b465ee728b)  -> (artifact id: '85a065c73185838c3c3d85d3b1da8a6e') in 0.048022 seconds 
========================================================================
Received Import Request.
  Time since last request: 0.000024 seconds.
  path: Assets/RGP icons free start pack/items/wood_logs_three.png
  artifactKey: Guid(63af52b5b92b10c4594f1085a1a0ab94) Importer(815301076,1909f56bfc062723c751e8b465ee728b)
Start importing Assets/RGP icons free start pack/items/wood_logs_three.png using Guid(63af52b5b92b10c4594f1085a1a0ab94) Importer(815301076,1909f56bfc062723c751e8b465ee728b)  -> (artifact id: 'c282497e8123aa5f3d38a23618cb5403') in 0.051639 seconds 
========================================================================
Received Import Request.
  Time since last request: 0.000053 seconds.
  path: Assets/RGP icons free start pack/items/gold_coins_many.png
  artifactKey: Guid(93b5b28db06f8d2439c780ec3aeb28d2) Importer(815301076,1909f56bfc062723c751e8b465ee728b)
Start importing Assets/RGP icons free start pack/items/gold_coins_many.png using Guid(93b5b28db06f8d2439c780ec3aeb28d2) Importer(815301076,1909f56bfc062723c751e8b465ee728b)  -> (artifact id: 'd52eed319e39bf09c75ed7c212a98195') in 0.055397 seconds 
========================================================================
Received Import Request.
  Time since last request: 0.000034 seconds.
  path: Assets/RGP icons free start pack/items/bottle_standard_empty.png
  artifactKey: Guid(c257574b1b8ee104582a93ecac457485) Importer(815301076,1909f56bfc062723c751e8b465ee728b)
Start importing Assets/RGP icons free start pack/items/bottle_standard_empty.png using Guid(c257574b1b8ee104582a93ecac457485) Importer(815301076,1909f56bfc062723c751e8b465ee728b)  -> (artifact id: '692c6a6211bc3b67ee4d144464a081a0') in 0.051759 seconds 
========================================================================
Received Import Request.
  Time since last request: 0.000041 seconds.
  path: Assets/RGP icons free start pack/items/fish_green.png
  artifactKey: Guid(b416145d20baa364598d07e1740ae2fb) Importer(815301076,1909f56bfc062723c751e8b465ee728b)
Start importing Assets/RGP icons free start pack/items/fish_green.png using Guid(b416145d20baa364598d07e1740ae2fb) Importer(815301076,1909f56bfc062723c751e8b465ee728b)  -> (artifact id: 'e9637c18e63eff4f220ef9a66b9bedbc') in 0.048238 seconds 
Editor requested this worker to shutdown with reason: Scaling down because of idle timeout
AssetImportWorker is now disconnected from the server
Process exiting
Exiting without the bug reporter. Application will terminate with return code 0